{"logTime": "0111/075159", "correlationVector":"n7y9wkXc3P+lovfBCQZBEg","action":"Commit Request", "result":"", "context":Item count: 1
Contributing types: Sessions}
{"logTime": "0111/075159", "correlationVector":"n7y9wkXc3P+lovfBCQZBEg.1","action":"SyncServerConnectionManagerRequest", "result":"SYNC_SERVER_OK", "context":{"environment":"Prod_SoutheastAsia_000j", "migrationStage":"NotStarted", "server":"GENERAL03000011"}}
{"logTime": "0111/075159", "correlationVector":"n7y9wkXc3P+lovfBCQZBEg.2","action":"Commit Response", "result":"SYNCER_OK", "context":Result: SYNCER_OK. cV=n7y9wkXc3P+lovfBCQZBEg.0;server=GENERAL03000011;cloudType=Consumer;environment=Prod_SoutheastAsia_000j;migrationStage=NotStarted}
{"logTime": "0111/075229", "correlationVector":"U5ILzxFc6jDfKqqQ6G0uJa","action":"Commit Request", "result":"", "context":Item count: 1
Contributing types: Sessions}
{"logTime": "0111/075230", "correlationVector":"U5ILzxFc6jDfKqqQ6G0uJa.1","action":"SyncServerConnectionManagerRequest", "result":"SYNC_SERVER_OK", "context":{"environment":"Prod_SoutheastAsia_000j", "migrationStage":"NotStarted", "server":"GENERAL0300001A"}}
{"logTime": "0111/075230", "correlationVector":"U5ILzxFc6jDfKqqQ6G0uJa.2","action":"Commit Response", "result":"SYNCER_OK", "context":Result: SYNCER_OK. cV=U5ILzxFc6jDfKqqQ6G0uJa.0;server=GENERAL0300001A;cloudType=Consumer;environment=Prod_SoutheastAsia_000j;migrationStage=NotStarted}
{"logTime": "0111/080046", "correlationVector":"DZVRalnvJVuigXXmf6Lsvz","action":"Commit Request", "result":"", "context":Item count: 1
Contributing types: Preferences}
{"logTime": "0111/080046", "correlationVector":"DZVRalnvJVuigXXmf6Lsvz.1","action":"SyncServerConnectionManagerRequest", "result":"SYNC_SERVER_OK", "context":{"environment":"Prod_SoutheastAsia_000j", "migrationStage":"NotStarted", "server":"GENERAL01000019"}}
{"logTime": "0111/080046", "correlationVector":"DZVRalnvJVuigXXmf6Lsvz.2","action":"Commit Response", "result":"SYNCER_OK", "context":Result: SYNCER_OK. cV=DZVRalnvJVuigXXmf6Lsvz.0;server=GENERAL01000019;cloudType=Consumer;environment=Prod_SoutheastAsia_000j;migrationStage=NotStarted}
{"logTime": "0111/080427", "correlationVector":"TGaXQJIeMlj4rCQ2fo3kMT","action":"Commit Request", "result":"", "context":Item count: 1
Contributing types: Sessions}
{"logTime": "0111/080428", "correlationVector":"TGaXQJIeMlj4rCQ2fo3kMT.1","action":"SyncServerConnectionManagerRequest", "result":"SYNC_SERVER_OK", "context":{"environment":"Prod_SoutheastAsia_000j", "migrationStage":"NotStarted", "server":"GENERAL0300001P"}}
{"logTime": "0111/080428", "correlationVector":"TGaXQJIeMlj4rCQ2fo3kMT.2","action":"Commit Response", "result":"SYNCER_OK", "context":Result: SYNCER_OK. cV=TGaXQJIeMlj4rCQ2fo3kMT.0;server=GENERAL0300001P;cloudType=Consumer;environment=Prod_SoutheastAsia_000j;migrationStage=NotStarted}
{"logTime": "0111/080514", "correlationVector":"Gdf8OPuG3fdHyD8GxeotNw","action":"Commit Request", "result":"", "context":Item count: 1
Contributing types: Sessions}
{"logTime": "0111/080515", "correlationVector":"Gdf8OPuG3fdHyD8GxeotNw.1","action":"SyncServerConnectionManagerRequest", "result":"SYNC_SERVER_OK", "context":{"environment":"Prod_SoutheastAsia_000j", "migrationStage":"NotStarted", "server":"GENERAL01000003"}}
{"logTime": "0111/080515", "correlationVector":"Gdf8OPuG3fdHyD8GxeotNw.2","action":"Commit Response", "result":"SYNCER_OK", "context":Result: SYNCER_OK. cV=Gdf8OPuG3fdHyD8GxeotNw.0;server=GENERAL01000003;cloudType=Consumer;environment=Prod_SoutheastAsia_000j;migrationStage=NotStarted}
{"logTime": "0111/081158", "correlationVector":"KPyRqQjtaatlN2129tdl89","action":"Commit Request", "result":"", "context":Item count: 1
Contributing types: Sessions}
{"logTime": "0111/081158", "correlationVector":"KPyRqQjtaatlN2129tdl89.1","action":"SyncServerConnectionManagerRequest", "result":"SYNC_SERVER_OK", "context":{"environment":"Prod_SoutheastAsia_000j", "migrationStage":"NotStarted", "server":"GENERAL0100000X"}}
{"logTime": "0111/081159", "correlationVector":"KPyRqQjtaatlN2129tdl89.2","action":"Commit Response", "result":"SYNCER_OK", "context":Result: SYNCER_OK. cV=KPyRqQjtaatlN2129tdl89.0;server=GENERAL0100000X;cloudType=Consumer;environment=Prod_SoutheastAsia_000j;migrationStage=NotStarted}
{"logTime": "0111/081418", "correlationVector":"irjP779SrH3K+fzBjSFkWh","action":"Commit Request", "result":"", "context":Item count: 1
Contributing types: Sessions}
{"logTime": "0111/081418", "correlationVector":"irjP779SrH3K+fzBjSFkWh.1","action":"SyncServerConnectionManagerRequest", "result":"SYNC_SERVER_OK", "context":{"environment":"Prod_SoutheastAsia_000j", "migrationStage":"NotStarted", "server":"GENERAL0100000M"}}
{"logTime": "0111/081418", "correlationVector":"irjP779SrH3K+fzBjSFkWh.2","action":"Commit Response", "result":"SYNCER_OK", "context":Result: SYNCER_OK. cV=irjP779SrH3K+fzBjSFkWh.0;server=GENERAL0100000M;cloudType=Consumer;environment=Prod_SoutheastAsia_000j;migrationStage=NotStarted}
{"logTime": "0111/081454", "correlationVector":"dVCFqlLokvoZZED745EttG","action":"Commit Request", "result":"", "context":Item count: 1
Contributing types: Sessions}
{"logTime": "0111/081454", "correlationVector":"dVCFqlLokvoZZED745EttG.1","action":"SyncServerConnectionManagerRequest", "result":"SYNC_SERVER_OK", "context":{"environment":"Prod_SoutheastAsia_000j", "migrationStage":"NotStarted", "server":"GENERAL0300000T"}}
{"logTime": "0111/081454", "correlationVector":"dVCFqlLokvoZZED745EttG.2","action":"Commit Response", "result":"SYNCER_OK", "context":Result: SYNCER_OK. cV=dVCFqlLokvoZZED745EttG.0;server=GENERAL0300000T;cloudType=Consumer;environment=Prod_SoutheastAsia_000j;migrationStage=NotStarted}
{"logTime": "0111/081716", "correlationVector":"Y5JszLfeq4peMWPV0g8Z7d","action":"Commit Request", "result":"", "context":Item count: 1
Contributing types: Sessions}
{"logTime": "0111/081716", "correlationVector":"Y5JszLfeq4peMWPV0g8Z7d.1","action":"SyncServerConnectionManagerRequest", "result":"SYNC_SERVER_OK", "context":{"environment":"Prod_SoutheastAsia_000j", "migrationStage":"NotStarted", "server":"GENERAL03000023"}}
{"logTime": "0111/081716", "correlationVector":"Y5JszLfeq4peMWPV0g8Z7d.2","action":"Commit Response", "result":"SYNCER_OK", "context":Result: SYNCER_OK. cV=Y5JszLfeq4peMWPV0g8Z7d.0;server=GENERAL03000023;cloudType=Consumer;environment=Prod_SoutheastAsia_000j;migrationStage=NotStarted}
{"logTime": "0111/081746", "correlationVector":"LEa/+rGeJQdEdMSfSYl/v3","action":"Commit Request", "result":"", "context":Item count: 1
Contributing types: Sessions}
{"logTime": "0111/081747", "correlationVector":"LEa/+rGeJQdEdMSfSYl/v3.1","action":"SyncServerConnectionManagerRequest", "result":"SYNC_SERVER_OK", "context":{"environment":"Prod_SoutheastAsia_000j", "migrationStage":"NotStarted", "server":"GENERAL0300001I"}}
{"logTime": "0111/081747", "correlationVector":"LEa/+rGeJQdEdMSfSYl/v3.2","action":"Commit Response", "result":"SYNCER_OK", "context":Result: SYNCER_OK. cV=LEa/+rGeJQdEdMSfSYl/v3.0;server=GENERAL0300001I;cloudType=Consumer;environment=Prod_SoutheastAsia_000j;migrationStage=NotStarted}
{"logTime": "0111/081919", "correlationVector":"NFYAMB/EHVefSeMCKVEKjC","action":"Commit Request", "result":"", "context":Item count: 1
Contributing types: Sessions}
{"logTime": "0111/081919", "correlationVector":"NFYAMB/EHVefSeMCKVEKjC.1","action":"SyncServerConnectionManagerRequest", "result":"SYNC_SERVER_OK", "context":{"environment":"Prod_SoutheastAsia_000j", "migrationStage":"NotStarted", "server":"GENERAL03000012"}}
{"logTime": "0111/081919", "correlationVector":"NFYAMB/EHVefSeMCKVEKjC.2","action":"Commit Response", "result":"SYNCER_OK", "context":Result: SYNCER_OK. cV=NFYAMB/EHVefSeMCKVEKjC.0;server=GENERAL03000012;cloudType=Consumer;environment=Prod_SoutheastAsia_000j;migrationStage=NotStarted}
{"logTime": "0111/082106", "correlationVector":"cL4ymiaQ7Q93IrMZXVZaNT","action":"Commit Request", "result":"", "context":Item count: 1
Contributing types: Sessions}
{"logTime": "0111/082107", "correlationVector":"cL4ymiaQ7Q93IrMZXVZaNT.1","action":"SyncServerConnectionManagerRequest", "result":"SYNC_SERVER_OK", "context":{"environment":"Prod_SoutheastAsia_000j", "migrationStage":"NotStarted", "server":"GENERAL0300001A"}}
{"logTime": "0111/082107", "correlationVector":"cL4ymiaQ7Q93IrMZXVZaNT.2","action":"Commit Response", "result":"SYNCER_OK", "context":Result: SYNCER_OK. cV=cL4ymiaQ7Q93IrMZXVZaNT.0;server=GENERAL0300001A;cloudType=Consumer;environment=Prod_SoutheastAsia_000j;migrationStage=NotStarted}
{"logTime": "0111/082155", "correlationVector":"EScz6nVb5lZlWxJr0SKZRL","action":"Commit Request", "result":"", "context":Item count: 1
Contributing types: Sessions}
{"logTime": "0111/082156", "correlationVector":"EScz6nVb5lZlWxJr0SKZRL.1","action":"SyncServerConnectionManagerRequest", "result":"SYNC_SERVER_OK", "context":{"environment":"Prod_SoutheastAsia_000j", "migrationStage":"NotStarted", "server":"GENERAL03000001"}}
{"logTime": "0111/082156", "correlationVector":"EScz6nVb5lZlWxJr0SKZRL.2","action":"Commit Response", "result":"SYNCER_OK", "context":Result: SYNCER_OK. cV=EScz6nVb5lZlWxJr0SKZRL.0;server=GENERAL03000001;cloudType=Consumer;environment=Prod_SoutheastAsia_000j;migrationStage=NotStarted}
{"logTime": "0111/082235", "correlationVector":"DKpAHwuOWaBRKsgDVTQyJg","action":"Commit Request", "result":"", "context":Item count: 1
Contributing types: Sessions}
{"logTime": "0111/082235", "correlationVector":"DKpAHwuOWaBRKsgDVTQyJg.1","action":"SyncServerConnectionManagerRequest", "result":"SYNC_SERVER_OK", "context":{"environment":"Prod_SoutheastAsia_000j", "migrationStage":"NotStarted", "server":"GENERAL03000001"}}
{"logTime": "0111/082235", "correlationVector":"DKpAHwuOWaBRKsgDVTQyJg.2","action":"Commit Response", "result":"SYNCER_OK", "context":Result: SYNCER_OK. cV=DKpAHwuOWaBRKsgDVTQyJg.0;server=GENERAL03000001;cloudType=Consumer;environment=Prod_SoutheastAsia_000j;migrationStage=NotStarted}
{"logTime": "0111/082737", "correlationVector":"XoFsn3+aN7xa6frTlpLpa+","action":"Normal GetUpdate request", "result":"", "context":cV=XoFsn3+aN7xa6frTlpLpa+
Nudged types: Sessions}
{"logTime": "0111/082737", "correlationVector":"XoFsn3+aN7xa6frTlpLpa+.1","action":"SyncServerConnectionManagerRequest", "result":"SYNC_SERVER_OK", "context":{"environment":"Prod_SoutheastAsia_000j", "migrationStage":"NotStarted", "server":"GENERAL0100001K"}}
{"logTime": "0111/082737", "correlationVector":"XoFsn3+aN7xa6frTlpLpa+.2","action":"GetUpdates Response", "result":"SYNCER_OK", "context":Received 2 update(s). cV=XoFsn3+aN7xa6frTlpLpa+.0;server=GENERAL0100001K;cloudType=Consumer;environment=Prod_SoutheastAsia_000j;migrationStage=NotStarted}
{"logTime": "0111/082737", "correlationVector":"OjIfwCo0uh0I3Z3lsNcW9j","action":"Commit Request", "result":"", "context":Item count: 1
Contributing types: Sessions}
{"logTime": "0111/082738", "correlationVector":"OjIfwCo0uh0I3Z3lsNcW9j.1","action":"SyncServerConnectionManagerRequest", "result":"SYNC_SERVER_OK", "context":{"environment":"Prod_SoutheastAsia_000j", "migrationStage":"NotStarted", "server":"GENERAL0300001J"}}
{"logTime": "0111/082738", "correlationVector":"OjIfwCo0uh0I3Z3lsNcW9j.2","action":"Commit Response", "result":"SYNCER_OK", "context":Result: SYNCER_OK. cV=OjIfwCo0uh0I3Z3lsNcW9j.0;server=GENERAL0300001J;cloudType=Consumer;environment=Prod_SoutheastAsia_000j;migrationStage=NotStarted}
{"logTime": "0111/082804", "correlationVector":"au87MwEGNjFthwUlCpkUbX","action":"Normal GetUpdate request", "result":"", "context":cV=au87MwEGNjFthwUlCpkUbX
Nudged types: Sessions
Refresh requested types: Bookmarks, Preferences, Passwords, Autofill Profiles, Autofill, Autofill Custom Data, Typed URLs, Extensions, Sessions, Extension settings, History Delete Directives, Device Info, User Consents, Send Tab To Self, Web Apps, Collection, Edge E Drop, Edge Hub App Usage, Edge Wallet, Encryption Keys}
{"logTime": "0111/082805", "correlationVector":"au87MwEGNjFthwUlCpkUbX.1","action":"SyncServerConnectionManagerRequest", "result":"SYNC_SERVER_OK", "context":{"environment":"Prod_SoutheastAsia_000j", "migrationStage":"NotStarted", "server":"GENERAL01000019"}}
{"logTime": "0111/082805", "correlationVector":"au87MwEGNjFthwUlCpkUbX.2","action":"GetUpdates Response", "result":"SYNCER_OK", "context":Received 1 update(s). cV=au87MwEGNjFthwUlCpkUbX.0;server=GENERAL01000019;cloudType=Consumer;environment=Prod_SoutheastAsia_000j;migrationStage=NotStarted}
{"logTime": "0111/082805", "correlationVector":"OG+v2NVULVuPSzWHkanHoW","action":"Commit Request", "result":"", "context":Item count: 1
Contributing types: Sessions}
{"logTime": "0111/082805", "correlationVector":"OG+v2NVULVuPSzWHkanHoW.1","action":"SyncServerConnectionManagerRequest", "result":"SYNC_SERVER_OK", "context":{"environment":"Prod_SoutheastAsia_000j", "migrationStage":"NotStarted", "server":"GENERAL03000001"}}
{"logTime": "0111/082806", "correlationVector":"OG+v2NVULVuPSzWHkanHoW.2","action":"Commit Response", "result":"SYNCER_OK", "context":Result: SYNCER_OK. cV=OG+v2NVULVuPSzWHkanHoW.0;server=GENERAL03000001;cloudType=Consumer;environment=Prod_SoutheastAsia_000j;migrationStage=NotStarted}
{"logTime": "0111/083318", "correlationVector":"eNof/zy8TQw6wOPgu7SvS0","action":"Commit Request", "result":"", "context":Item count: 1
Contributing types: Sessions}
{"logTime": "0111/083319", "correlationVector":"eNof/zy8TQw6wOPgu7SvS0.1","action":"SyncServerConnectionManagerRequest", "result":"SYNC_SERVER_OK", "context":{"environment":"Prod_SoutheastAsia_000j", "migrationStage":"NotStarted", "server":"GENERAL03000011"}}
{"logTime": "0111/083319", "correlationVector":"eNof/zy8TQw6wOPgu7SvS0.2","action":"Commit Response", "result":"SYNCER_OK", "context":Result: SYNCER_OK. cV=eNof/zy8TQw6wOPgu7SvS0.0;server=GENERAL03000011;cloudType=Consumer;environment=Prod_SoutheastAsia_000j;migrationStage=NotStarted}
{"logTime": "0111/083854", "correlationVector":"Nj5zFQ+vpmddvTwpy5Da/e","action":"Commit Request", "result":"", "context":Item count: 1
Contributing types: Sessions}
{"logTime": "0111/083854", "correlationVector":"Nj5zFQ+vpmddvTwpy5Da/e.1","action":"SyncServerConnectionManagerRequest", "result":"SYNC_SERVER_OK", "context":{"environment":"Prod_SoutheastAsia_000j", "migrationStage":"NotStarted", "server":"GENERAL0100000M"}}
{"logTime": "0111/083854", "correlationVector":"Nj5zFQ+vpmddvTwpy5Da/e.2","action":"Commit Response", "result":"SYNCER_OK", "context":Result: SYNCER_OK. cV=Nj5zFQ+vpmddvTwpy5Da/e.0;server=GENERAL0100000M;cloudType=Consumer;environment=Prod_SoutheastAsia_000j;migrationStage=NotStarted}
{"logTime": "0111/084504", "correlationVector":"NOaJ8+cOfABwQkFt60mLg+","action":"Commit Request", "result":"", "context":Item count: 1
Contributing types: Sessions}
{"logTime": "0111/084504", "correlationVector":"NOaJ8+cOfABwQkFt60mLg+.1","action":"SyncServerConnectionManagerRequest", "result":"SYNC_SERVER_OK", "context":{"environment":"Prod_SoutheastAsia_000j", "migrationStage":"NotStarted", "server":"GENERAL0100000N"}}
{"logTime": "0111/084504", "correlationVector":"NOaJ8+cOfABwQkFt60mLg+.2","action":"Commit Response", "result":"SYNCER_OK", "context":Result: SYNCER_OK. cV=NOaJ8+cOfABwQkFt60mLg+.0;server=GENERAL0100000N;cloudType=Consumer;environment=Prod_SoutheastAsia_000j;migrationStage=NotStarted}
{"logTime": "0111/085251", "correlationVector":"iBk9BqWRwaKZvRb5mOfzqM","action":"Commit Request", "result":"", "context":Item count: 1
Contributing types: Device Info}
{"logTime": "0111/085251", "correlationVector":"iBk9BqWRwaKZvRb5mOfzqM.1","action":"SyncServerConnectionManagerRequest", "result":"SYNC_SERVER_OK", "context":{"environment":"Prod_SoutheastAsia_000j", "migrationStage":"NotStarted", "server":"GENERAL01000003"}}
{"logTime": "0111/085251", "correlationVector":"iBk9BqWRwaKZvRb5mOfzqM.2","action":"Commit Response", "result":"SYNCER_OK", "context":Result: SYNCER_OK. cV=iBk9BqWRwaKZvRb5mOfzqM.0;server=GENERAL01000003;cloudType=Consumer;environment=Prod_SoutheastAsia_000j;migrationStage=NotStarted}
{"logTime": "0111/085510", "correlationVector":"+5V9i6ZyLDLpS13ofdAeNj.1","action":"SyncServerConnectionManagerRequest", "result":"SYNC_SERVER_OK", "context":{"environment":"Prod_SoutheastAsia_000j", "migrationStage":"NotStarted", "server":"GENERAL03000012"}}
{"logTime": "0111/085510", "correlationVector":"+5V9i6ZyLDLpS13ofdAeNj","action":"Initial GetUpdates", "result":"", "context":Reason: NEW_CLIENT. cV=+5V9i6ZyLDLpS13ofdAeNj}
{"logTime": "0111/085510", "correlationVector":"+5V9i6ZyLDLpS13ofdAeNj.2","action":"GetUpdates Response", "result":"SYNCER_OK", "context":Received 1 update(s). cV=+5V9i6ZyLDLpS13ofdAeNj.0;server=GENERAL03000012;cloudType=Consumer;environment=Prod_SoutheastAsia_000j;migrationStage=NotStarted}
{"logTime": "0111/085510", "correlationVector":"a8PkLRNVVmBhLkGIGhyBc7","action":"Initial GetUpdates", "result":"", "context":Reason: NEWLY_SUPPORTED_DATATYPE. cV=a8PkLRNVVmBhLkGIGhyBc7}
{"logTime": "0111/085510", "correlationVector":"a8PkLRNVVmBhLkGIGhyBc7.1","action":"SyncServerConnectionManagerRequest", "result":"SYNC_SERVER_OK", "context":{"environment":"Prod_SoutheastAsia_000j", "migrationStage":"NotStarted", "server":"GENERAL0300000T"}}
{"logTime": "0111/085510", "correlationVector":"a8PkLRNVVmBhLkGIGhyBc7.2","action":"GetUpdates Response", "result":"SYNCER_OK", "context":Received 2 update(s). cV=a8PkLRNVVmBhLkGIGhyBc7.0;server=GENERAL0300000T;cloudType=Consumer;environment=Prod_SoutheastAsia_000j;migrationStage=NotStarted}
{"logTime": "0111/085510", "correlationVector":"Y7hVSKHI61BHJRpEyOEo0s","action":"Normal GetUpdate request", "result":"", "context":cV=Y7hVSKHI61BHJRpEyOEo0s
Nudged types: Sessions
Refresh requested types: Bookmarks, Preferences, Passwords, Autofill Profiles, Autofill, Autofill Custom Data, Typed URLs, Extensions, Sessions, Extension settings, History Delete Directives, Device Info, User Consents, Send Tab To Self, Web Apps, Collection, Edge E Drop, Edge Hub App Usage, Edge Wallet, Encryption Keys}
{"logTime": "0111/085510", "correlationVector":"Y7hVSKHI61BHJRpEyOEo0s.1","action":"SyncServerConnectionManagerRequest", "result":"SYNC_SERVER_OK", "context":{"environment":"Prod_SoutheastAsia_000j", "migrationStage":"NotStarted", "server":"GENERAL0300000W"}}
{"logTime": "0111/085510", "correlationVector":"Y7hVSKHI61BHJRpEyOEo0s.2","action":"GetUpdates Response", "result":"SYNCER_OK", "context":Received 2 update(s). cV=Y7hVSKHI61BHJRpEyOEo0s.0;server=GENERAL0300000W;cloudType=Consumer;environment=Prod_SoutheastAsia_000j;migrationStage=NotStarted}
{"logTime": "0111/085510", "correlationVector":"AXsBgLmD1q2A7pQdtztFDs","action":"Commit Request", "result":"", "context":Item count: 3
Contributing types: Sessions}
{"logTime": "0111/085510", "correlationVector":"AXsBgLmD1q2A7pQdtztFDs.1","action":"SyncServerConnectionManagerRequest", "result":"SYNC_SERVER_OK", "context":{"environment":"Prod_SoutheastAsia_000j", "migrationStage":"NotStarted", "server":"GENERAL03000018"}}
{"logTime": "0111/085510", "correlationVector":"AXsBgLmD1q2A7pQdtztFDs.2","action":"Commit Response", "result":"SYNCER_OK", "context":Result: SYNCER_OK. cV=AXsBgLmD1q2A7pQdtztFDs.0;server=GENERAL03000018;cloudType=Consumer;environment=Prod_SoutheastAsia_000j;migrationStage=NotStarted}
{"logTime": "0111/085510", "correlationVector":"AXsBgLmD1q2A7pQdtztFDs.3","action":"Commit.Sessions", "result":"Success", "context":{"id":"496be00e-d063-4c49-9e8c-f4f2bf2f4fe8", "isDeleted":"true", "size":"0", "version":"1704962707418"}}
{"logTime": "0111/085511", "correlationVector":"EJUek0AiVjt9ho3CoO+YVZ","action":"SyncServerConnectionManagerRequest", "result":"SYNC_SERVER_OK", "context":{"environment":"", "migrationStage":"", "server":""}}
{"logTime": "0111/085512", "correlationVector":"sjbQuSsuITht/3MLpzfTah","action":"Normal GetUpdate request", "result":"", "context":cV=sjbQuSsuITht/3MLpzfTah
Nudged types: Preferences, Sessions}
{"logTime": "0111/085512", "correlationVector":"sjbQuSsuITht/3MLpzfTah.1","action":"SyncServerConnectionManagerRequest", "result":"SYNC_SERVER_OK", "context":{"environment":"Prod_SoutheastAsia_000j", "migrationStage":"NotStarted", "server":"GENERAL0300001B"}}
{"logTime": "0111/085512", "correlationVector":"sjbQuSsuITht/3MLpzfTah.2","action":"GetUpdates", "result":"DeleteReceived", "context":{"id":"496be00e-d063-4c49-9e8c-f4f2bf2f4fe8", "isDeleted:":"true", "version":"1704963301238"}}
{"logTime": "0111/085512", "correlationVector":"sjbQuSsuITht/3MLpzfTah.3","action":"GetUpdates Response", "result":"SYNCER_OK", "context":Received 3 update(s). cV=sjbQuSsuITht/3MLpzfTah.0;server=GENERAL0300001B;cloudType=Consumer;environment=Prod_SoutheastAsia_000j;migrationStage=NotStarted}
{"logTime": "0111/085512", "correlationVector":"B99ho9PDZpIIm76vH3i0t4","action":"Commit Request", "result":"", "context":Item count: 2
Contributing types: Preferences, Sessions}
{"logTime": "0111/085512", "correlationVector":"B99ho9PDZpIIm76vH3i0t4.1","action":"SyncServerConnectionManagerRequest", "result":"SYNC_SERVER_OK", "context":{"environment":"Prod_SoutheastAsia_000j", "migrationStage":"NotStarted", "server":"GENERAL0300001M"}}
{"logTime": "0111/085512", "correlationVector":"B99ho9PDZpIIm76vH3i0t4.2","action":"Commit Response", "result":"SYNCER_OK", "context":Result: SYNCER_OK. cV=B99ho9PDZpIIm76vH3i0t4.0;server=GENERAL0300001M;cloudType=Consumer;environment=Prod_SoutheastAsia_000j;migrationStage=NotStarted}
{"logTime": "0111/085512", "correlationVector":"wr6DHnzCxZwfUlOdvoPc9O","action":"Normal GetUpdate request", "result":"", "context":cV=wr6DHnzCxZwfUlOdvoPc9O
Nudged types: Preferences, Sessions
Refresh requested types: Bookmarks, Preferences, Passwords, Autofill Profiles, Autofill, Autofill Custom Data, Typed URLs, Extensions, Sessions, Extension settings, History Delete Directives, Device Info, User Consents, Send Tab To Self, Web Apps, Collection, Edge E Drop, Edge Hub App Usage, Edge Wallet, Encryption Keys}
{"logTime": "0111/085512", "correlationVector":"wr6DHnzCxZwfUlOdvoPc9O.1","action":"SyncServerConnectionManagerRequest", "result":"SYNC_SERVER_OK", "context":{"environment":"Prod_SoutheastAsia_000j", "migrationStage":"NotStarted", "server":"GENERAL03000028"}}
{"logTime": "0111/085512", "correlationVector":"wr6DHnzCxZwfUlOdvoPc9O.2","action":"GetUpdates Response", "result":"SYNCER_OK", "context":Received 2 update(s). cV=wr6DHnzCxZwfUlOdvoPc9O.0;server=GENERAL03000028;cloudType=Consumer;environment=Prod_SoutheastAsia_000j;migrationStage=NotStarted}
{"logTime": "0111/085815", "correlationVector":"7R4TBgnE+WZQ1zFbygGZLz","action":"Commit Request", "result":"", "context":Item count: 1
Contributing types: Sessions}
{"logTime": "0111/085815", "correlationVector":"7R4TBgnE+WZQ1zFbygGZLz.1","action":"SyncServerConnectionManagerRequest", "result":"SYNC_SERVER_OK", "context":{"environment":"Prod_SoutheastAsia_000j", "migrationStage":"NotStarted", "server":"GENERAL0300000R"}}
{"logTime": "0111/085815", "correlationVector":"7R4TBgnE+WZQ1zFbygGZLz.2","action":"Commit Response", "result":"SYNCER_OK", "context":Result: SYNCER_OK. cV=7R4TBgnE+WZQ1zFbygGZLz.0;server=GENERAL0300000R;cloudType=Consumer;environment=Prod_SoutheastAsia_000j;migrationStage=NotStarted}
{"logTime": "0111/085910", "correlationVector":"sEzGva9x1BejNsOjvyjS9f","action":"Commit Request", "result":"", "context":Item count: 1
Contributing types: Sessions}
{"logTime": "0111/085911", "correlationVector":"sEzGva9x1BejNsOjvyjS9f.1","action":"SyncServerConnectionManagerRequest", "result":"SYNC_SERVER_OK", "context":{"environment":"Prod_SoutheastAsia_000j", "migrationStage":"NotStarted", "server":"GENERAL01000007"}}
{"logTime": "0111/085911", "correlationVector":"sEzGva9x1BejNsOjvyjS9f.2","action":"Commit Response", "result":"SYNCER_OK", "context":Result: SYNCER_OK. cV=sEzGva9x1BejNsOjvyjS9f.0;server=GENERAL01000007;cloudType=Consumer;environment=Prod_SoutheastAsia_000j;migrationStage=NotStarted}
{"logTime": "0111/085958", "correlationVector":"dovRgrj0hRArxwgqat7f2v","action":"Normal GetUpdate request", "result":"", "context":cV=dovRgrj0hRArxwgqat7f2v
Refresh requested types: Bookmarks, Preferences, Passwords, Autofill Profiles, Autofill, Autofill Custom Data, Typed URLs, Extensions, Sessions, Extension settings, History Delete Directives, Device Info, User Consents, Send Tab To Self, Web Apps, Collection, Edge E Drop, Edge Hub App Usage, Edge Wallet, Encryption Keys}
{"logTime": "0111/085958", "correlationVector":"dovRgrj0hRArxwgqat7f2v.1","action":"SyncServerConnectionManagerRequest", "result":"SYNC_SERVER_OK", "context":{"environment":"Prod_SoutheastAsia_000j", "migrationStage":"NotStarted", "server":"GENERAL01000006"}}
{"logTime": "0111/085958", "correlationVector":"dovRgrj0hRArxwgqat7f2v.2","action":"GetUpdates Response", "result":"SYNCER_OK", "context":Received 1 update(s). cV=dovRgrj0hRArxwgqat7f2v.0;server=GENERAL01000006;cloudType=Consumer;environment=Prod_SoutheastAsia_000j;migrationStage=NotStarted}
{"logTime": "0111/091618", "correlationVector":"kYKSDe46IZeQ7fIJyx5bTL","action":"Normal GetUpdate request", "result":"", "context":cV=kYKSDe46IZeQ7fIJyx5bTL
Refresh requested types: Bookmarks, Preferences, Passwords, Autofill Profiles, Autofill, Autofill Custom Data, Typed URLs, Extensions, Sessions, Extension settings, History Delete Directives, Device Info, User Consents, Send Tab To Self, Web Apps, Collection, Edge E Drop, Edge Hub App Usage, Edge Wallet, Encryption Keys}
{"logTime": "0111/091619", "correlationVector":"kYKSDe46IZeQ7fIJyx5bTL.1","action":"SyncServerConnectionManagerRequest", "result":"SYNC_SERVER_OK", "context":{"environment":"Prod_SoutheastAsia_000j", "migrationStage":"NotStarted", "server":"GENERAL03000016"}}
{"logTime": "0111/091619", "correlationVector":"kYKSDe46IZeQ7fIJyx5bTL.2","action":"GetUpdates Response", "result":"SYNCER_OK", "context":Received 0 update(s). cV=kYKSDe46IZeQ7fIJyx5bTL.0;server=GENERAL03000016;cloudType=Consumer;environment=Prod_SoutheastAsia_000j;migrationStage=NotStarted}
{"logTime": "0111/093732", "correlationVector":"Or5d0eInStXoBSv8YmIz0P","action":"Commit Request", "result":"", "context":Item count: 1
Contributing types: Sessions}
{"logTime": "0111/093732", "correlationVector":"Or5d0eInStXoBSv8YmIz0P.1","action":"SyncServerConnectionManagerRequest", "result":"SYNC_SERVER_OK", "context":{"environment":"Prod_SoutheastAsia_000j", "migrationStage":"NotStarted", "server":"GENERAL0100000P"}}
{"logTime": "0111/093733", "correlationVector":"Or5d0eInStXoBSv8YmIz0P.2","action":"Commit Response", "result":"SYNCER_OK", "context":Result: SYNCER_OK. cV=Or5d0eInStXoBSv8YmIz0P.0;server=GENERAL0100000P;cloudType=Consumer;environment=Prod_SoutheastAsia_000j;migrationStage=NotStarted}
{"logTime": "0111/093858", "correlationVector":"2b0ov77frlo/Jb+O9JJB3z","action":"Commit Request", "result":"", "context":Item count: 1
Contributing types: Sessions}
{"logTime": "0111/093858", "correlationVector":"2b0ov77frlo/Jb+O9JJB3z.1","action":"SyncServerConnectionManagerRequest", "result":"SYNC_SERVER_OK", "context":{"environment":"Prod_SoutheastAsia_000j", "migrationStage":"NotStarted", "server":"GENERAL0100000P"}}
{"logTime": "0111/093858", "correlationVector":"2b0ov77frlo/Jb+O9JJB3z.2","action":"Commit Response", "result":"SYNCER_OK", "context":Result: SYNCER_OK. cV=2b0ov77frlo/Jb+O9JJB3z.0;server=GENERAL0100000P;cloudType=Consumer;environment=Prod_SoutheastAsia_000j;migrationStage=NotStarted}
{"logTime": "0111/094217", "correlationVector":"sP/1vxWrlfmlMZkS/799Hc","action":"Commit Request", "result":"", "context":Item count: 1
Contributing types: Sessions}
{"logTime": "0111/094217", "correlationVector":"sP/1vxWrlfmlMZkS/799Hc.1","action":"SyncServerConnectionManagerRequest", "result":"SYNC_SERVER_OK", "context":{"environment":"Prod_SoutheastAsia_000j", "migrationStage":"NotStarted", "server":"GENERAL0100000J"}}
{"logTime": "0111/094217", "correlationVector":"sP/1vxWrlfmlMZkS/799Hc.2","action":"Commit Response", "result":"SYNCER_OK", "context":Result: SYNCER_OK. cV=sP/1vxWrlfmlMZkS/799Hc.0;server=GENERAL0100000J;cloudType=Consumer;environment=Prod_SoutheastAsia_000j;migrationStage=NotStarted}
{"logTime": "0111/094445", "correlationVector":"90QPap8WnyPjvRzRij4No2","action":"Commit Request", "result":"", "context":Item count: 1
Contributing types: Sessions}
{"logTime": "0111/094445", "correlationVector":"90QPap8WnyPjvRzRij4No2.1","action":"SyncServerConnectionManagerRequest", "result":"SYNC_SERVER_OK", "context":{"environment":"Prod_SoutheastAsia_000j", "migrationStage":"NotStarted", "server":"GENERAL0300001A"}}
{"logTime": "0111/094445", "correlationVector":"90QPap8WnyPjvRzRij4No2.2","action":"Commit Response", "result":"SYNCER_OK", "context":Result: SYNCER_OK. cV=90QPap8WnyPjvRzRij4No2.0;server=GENERAL0300001A;cloudType=Consumer;environment=Prod_SoutheastAsia_000j;migrationStage=NotStarted}
{"logTime": "0111/094946", "correlationVector":"Z/6ElsSGRABOyzExeUfWXc","action":"Commit Request", "result":"", "context":Item count: 1
Contributing types: Sessions}
{"logTime": "0111/094946", "correlationVector":"Z/6ElsSGRABOyzExeUfWXc.1","action":"SyncServerConnectionManagerRequest", "result":"SYNC_SERVER_OK", "context":{"environment":"Prod_SoutheastAsia_000j", "migrationStage":"NotStarted", "server":"GENERAL01000007"}}
{"logTime": "0111/094946", "correlationVector":"Z/6ElsSGRABOyzExeUfWXc.2","action":"Commit Response", "result":"SYNCER_OK", "context":Result: SYNCER_OK. cV=Z/6ElsSGRABOyzExeUfWXc.0;server=GENERAL01000007;cloudType=Consumer;environment=Prod_SoutheastAsia_000j;migrationStage=NotStarted}
{"logTime": "0111/095209", "correlationVector":"pjjDbZtuNus9H9nr2XKuXz","action":"Commit Request", "result":"", "context":Item count: 1
Contributing types: Sessions}
{"logTime": "0111/095209", "correlationVector":"pjjDbZtuNus9H9nr2XKuXz.1","action":"SyncServerConnectionManagerRequest", "result":"SYNC_SERVER_OK", "context":{"environment":"Prod_SoutheastAsia_000j", "migrationStage":"NotStarted", "server":"GENERAL01000007"}}
{"logTime": "0111/095209", "correlationVector":"pjjDbZtuNus9H9nr2XKuXz.2","action":"Commit Response", "result":"SYNCER_OK", "context":Result: SYNCER_OK. cV=pjjDbZtuNus9H9nr2XKuXz.0;server=GENERAL01000007;cloudType=Consumer;environment=Prod_SoutheastAsia_000j;migrationStage=NotStarted}
{"logTime": "0111/095300", "correlationVector":"eG73UB+NzhL33G5Ix8VpM9","action":"Commit Request", "result":"", "context":Item count: 1
Contributing types: Sessions}
{"logTime": "0111/095300", "correlationVector":"eG73UB+NzhL33G5Ix8VpM9.1","action":"SyncServerConnectionManagerRequest", "result":"SYNC_SERVER_OK", "context":{"environment":"Prod_SoutheastAsia_000j", "migrationStage":"NotStarted", "server":"GENERAL0100001G"}}
{"logTime": "0111/095300", "correlationVector":"eG73UB+NzhL33G5Ix8VpM9.2","action":"Commit Response", "result":"SYNCER_OK", "context":Result: SYNCER_OK. cV=eG73UB+NzhL33G5Ix8VpM9.0;server=GENERAL0100001G;cloudType=Consumer;environment=Prod_SoutheastAsia_000j;migrationStage=NotStarted}
{"logTime": "0111/095336", "correlationVector":"a9Ea48RhLAC/aCFAjqXGp9","action":"Commit Request", "result":"", "context":Item count: 1
Contributing types: Sessions}
{"logTime": "0111/095336", "correlationVector":"a9Ea48RhLAC/aCFAjqXGp9.1","action":"SyncServerConnectionManagerRequest", "result":"SYNC_SERVER_OK", "context":{"environment":"Prod_SoutheastAsia_000j", "migrationStage":"NotStarted", "server":"GENERAL0300001M"}}
{"logTime": "0111/095336", "correlationVector":"a9Ea48RhLAC/aCFAjqXGp9.2","action":"Commit Response", "result":"SYNCER_OK", "context":Result: SYNCER_OK. cV=a9Ea48RhLAC/aCFAjqXGp9.0;server=GENERAL0300001M;cloudType=Consumer;environment=Prod_SoutheastAsia_000j;migrationStage=NotStarted}
{"logTime": "0111/095438", "correlationVector":"vE5yd0x2WOWgd3CAIvF/uI","action":"Commit Request", "result":"", "context":Item count: 1
Contributing types: Sessions}
{"logTime": "0111/095439", "correlationVector":"vE5yd0x2WOWgd3CAIvF/uI.1","action":"SyncServerConnectionManagerRequest", "result":"SYNC_SERVER_OK", "context":{"environment":"Prod_SoutheastAsia_000j", "migrationStage":"NotStarted", "server":"GENERAL0300001A"}}
{"logTime": "0111/095439", "correlationVector":"vE5yd0x2WOWgd3CAIvF/uI.2","action":"Commit Response", "result":"SYNCER_OK", "context":Result: SYNCER_OK. cV=vE5yd0x2WOWgd3CAIvF/uI.0;server=GENERAL0300001A;cloudType=Consumer;environment=Prod_SoutheastAsia_000j;migrationStage=NotStarted}
{"logTime": "0111/095508", "correlationVector":"afhLXPhp0ATjMM+d+2enP5","action":"Commit Request", "result":"", "context":Item count: 1
Contributing types: Sessions}
{"logTime": "0111/095509", "correlationVector":"afhLXPhp0ATjMM+d+2enP5.1","action":"SyncServerConnectionManagerRequest", "result":"SYNC_SERVER_OK", "context":{"environment":"Prod_SoutheastAsia_000j", "migrationStage":"NotStarted", "server":"GENERAL01000003"}}
{"logTime": "0111/095509", "correlationVector":"afhLXPhp0ATjMM+d+2enP5.2","action":"Commit Response", "result":"SYNCER_OK", "context":Result: SYNCER_OK. cV=afhLXPhp0ATjMM+d+2enP5.0;server=GENERAL01000003;cloudType=Consumer;environment=Prod_SoutheastAsia_000j;migrationStage=NotStarted}
{"logTime": "0111/095557", "correlationVector":"rW5rcEenIdrDEcbGrJNt07","action":"Commit Request", "result":"", "context":Item count: 1
Contributing types: Sessions}
{"logTime": "0111/095558", "correlationVector":"rW5rcEenIdrDEcbGrJNt07.1","action":"SyncServerConnectionManagerRequest", "result":"SYNC_SERVER_OK", "context":{"environment":"Prod_SoutheastAsia_000j", "migrationStage":"NotStarted", "server":"GENERAL03000018"}}
{"logTime": "0111/095558", "correlationVector":"rW5rcEenIdrDEcbGrJNt07.2","action":"Commit Response", "result":"SYNCER_OK", "context":Result: SYNCER_OK. cV=rW5rcEenIdrDEcbGrJNt07.0;server=GENERAL03000018;cloudType=Consumer;environment=Prod_SoutheastAsia_000j;migrationStage=NotStarted}
{"logTime": "0111/095628", "correlationVector":"vtFm69uiYHy46yzOITRDtv","action":"Commit Request", "result":"", "context":Item count: 1
Contributing types: Sessions}
{"logTime": "0111/095628", "correlationVector":"vtFm69uiYHy46yzOITRDtv.1","action":"SyncServerConnectionManagerRequest", "result":"SYNC_SERVER_OK", "context":{"environment":"Prod_SoutheastAsia_000j", "migrationStage":"NotStarted", "server":"GENERAL0100001L"}}
{"logTime": "0111/095628", "correlationVector":"vtFm69uiYHy46yzOITRDtv.2","action":"Commit Response", "result":"SYNCER_OK", "context":Result: SYNCER_OK. cV=vtFm69uiYHy46yzOITRDtv.0;server=GENERAL0100001L;cloudType=Consumer;environment=Prod_SoutheastAsia_000j;migrationStage=NotStarted}
{"logTime": "0111/095914", "correlationVector":"9r92QBl7BA8f+hG35dhLmd","action":"Commit Request", "result":"", "context":Item count: 1
Contributing types: Sessions}
{"logTime": "0111/095914", "correlationVector":"9r92QBl7BA8f+hG35dhLmd.1","action":"SyncServerConnectionManagerRequest", "result":"SYNC_SERVER_OK", "context":{"environment":"Prod_SoutheastAsia_000j", "migrationStage":"NotStarted", "server":"GENERAL01000013"}}
{"logTime": "0111/095914", "correlationVector":"9r92QBl7BA8f+hG35dhLmd.2","action":"Commit Response", "result":"SYNCER_OK", "context":Result: SYNCER_OK. cV=9r92QBl7BA8f+hG35dhLmd.0;server=GENERAL01000013;cloudType=Consumer;environment=Prod_SoutheastAsia_000j;migrationStage=NotStarted}
{"logTime": "0111/100633", "correlationVector":"LF95fMtPfoZabcZfSGlQAk","action":"Commit Request", "result":"", "context":Item count: 1
Contributing types: Sessions}
{"logTime": "0111/100633", "correlationVector":"LF95fMtPfoZabcZfSGlQAk.1","action":"SyncServerConnectionManagerRequest", "result":"SYNC_SERVER_OK", "context":{"environment":"Prod_SoutheastAsia_000j", "migrationStage":"NotStarted", "server":"GENERAL0100001K"}}
{"logTime": "0111/100633", "correlationVector":"LF95fMtPfoZabcZfSGlQAk.2","action":"Commit Response", "result":"SYNCER_OK", "context":Result: SYNCER_OK. cV=LF95fMtPfoZabcZfSGlQAk.0;server=GENERAL0100001K;cloudType=Consumer;environment=Prod_SoutheastAsia_000j;migrationStage=NotStarted}
{"logTime": "0111/100706", "correlationVector":"KARiXmqz3WYcHBpAWkhYRT","action":"Commit Request", "result":"", "context":Item count: 1
Contributing types: Sessions}
{"logTime": "0111/100707", "correlationVector":"KARiXmqz3WYcHBpAWkhYRT.1","action":"SyncServerConnectionManagerRequest", "result":"SYNC_SERVER_OK", "context":{"environment":"Prod_SoutheastAsia_000j", "migrationStage":"NotStarted", "server":"GENERAL0100000Q"}}
{"logTime": "0111/100707", "correlationVector":"KARiXmqz3WYcHBpAWkhYRT.2","action":"Commit Response", "result":"SYNCER_OK", "context":Result: SYNCER_OK. cV=KARiXmqz3WYcHBpAWkhYRT.0;server=GENERAL0100000Q;cloudType=Consumer;environment=Prod_SoutheastAsia_000j;migrationStage=NotStarted}
{"logTime": "0111/100844", "correlationVector":"vpviAzll/KE06GH7J01GF/","action":"Commit Request", "result":"", "context":Item count: 1
Contributing types: Sessions}
{"logTime": "0111/100844", "correlationVector":"vpviAzll/KE06GH7J01GF/.1","action":"SyncServerConnectionManagerRequest", "result":"SYNC_SERVER_OK", "context":{"environment":"Prod_SoutheastAsia_000j", "migrationStage":"NotStarted", "server":"GENERAL0100000Y"}}
{"logTime": "0111/100844", "correlationVector":"vpviAzll/KE06GH7J01GF/.2","action":"Commit Response", "result":"SYNCER_OK", "context":Result: SYNCER_OK. cV=vpviAzll/KE06GH7J01GF/.0;server=GENERAL0100000Y;cloudType=Consumer;environment=Prod_SoutheastAsia_000j;migrationStage=NotStarted}
{"logTime": "0111/101117", "correlationVector":"Vf4AUNsxPdcz3xNwbbaMt9","action":"Commit Request", "result":"", "context":Item count: 1
Contributing types: Sessions}
{"logTime": "0111/101117", "correlationVector":"Vf4AUNsxPdcz3xNwbbaMt9.1","action":"SyncServerConnectionManagerRequest", "result":"SYNC_SERVER_OK", "context":{"environment":"Prod_SoutheastAsia_000j", "migrationStage":"NotStarted", "server":"GENERAL0100000W"}}
{"logTime": "0111/101117", "correlationVector":"Vf4AUNsxPdcz3xNwbbaMt9.2","action":"Commit Response", "result":"SYNCER_OK", "context":Result: SYNCER_OK. cV=Vf4AUNsxPdcz3xNwbbaMt9.0;server=GENERAL0100000W;cloudType=Consumer;environment=Prod_SoutheastAsia_000j;migrationStage=NotStarted}
{"logTime": "0111/101155", "correlationVector":"6+t8NYUioiu1e50BffQQax","action":"Commit Request", "result":"", "context":Item count: 1
Contributing types: Sessions}
{"logTime": "0111/101155", "correlationVector":"6+t8NYUioiu1e50BffQQax.1","action":"SyncServerConnectionManagerRequest", "result":"SYNC_SERVER_OK", "context":{"environment":"Prod_SoutheastAsia_000j", "migrationStage":"NotStarted", "server":"GENERAL0100001L"}}
{"logTime": "0111/101155", "correlationVector":"6+t8NYUioiu1e50BffQQax.2","action":"Commit Response", "result":"SYNCER_OK", "context":Result: SYNCER_OK. cV=6+t8NYUioiu1e50BffQQax.0;server=GENERAL0100001L;cloudType=Consumer;environment=Prod_SoutheastAsia_000j;migrationStage=NotStarted}
{"logTime": "0111/101437", "correlationVector":"71nwI5/46dEY1aSiE8XQx+","action":"Commit Request", "result":"", "context":Item count: 1
Contributing types: Sessions}
{"logTime": "0111/101437", "correlationVector":"71nwI5/46dEY1aSiE8XQx+.1","action":"SyncServerConnectionManagerRequest", "result":"SYNC_SERVER_OK", "context":{"environment":"Prod_SoutheastAsia_000j", "migrationStage":"NotStarted", "server":"GENERAL0300001S"}}
{"logTime": "0111/101437", "correlationVector":"71nwI5/46dEY1aSiE8XQx+.2","action":"Commit Response", "result":"SYNCER_OK", "context":Result: SYNCER_OK. cV=71nwI5/46dEY1aSiE8XQx+.0;server=GENERAL0300001S;cloudType=Consumer;environment=Prod_SoutheastAsia_000j;migrationStage=NotStarted}
{"logTime": "0111/101518", "correlationVector":"12Vn3itZJzOE+gnzfNy2Xz","action":"Commit Request", "result":"", "context":Item count: 1
Contributing types: Sessions}
{"logTime": "0111/101519", "correlationVector":"12Vn3itZJzOE+gnzfNy2Xz.1","action":"SyncServerConnectionManagerRequest", "result":"SYNC_SERVER_OK", "context":{"environment":"Prod_SoutheastAsia_000j", "migrationStage":"NotStarted", "server":"GENERAL0300001M"}}
{"logTime": "0111/101519", "correlationVector":"12Vn3itZJzOE+gnzfNy2Xz.2","action":"Commit Response", "result":"SYNCER_OK", "context":Result: SYNCER_OK. cV=12Vn3itZJzOE+gnzfNy2Xz.0;server=GENERAL0300001M;cloudType=Consumer;environment=Prod_SoutheastAsia_000j;migrationStage=NotStarted}
{"logTime": "0111/101658", "correlationVector":"5ch7BxyZLRpummsgXB6e3H","action":"Commit Request", "result":"", "context":Item count: 1
Contributing types: Sessions}
{"logTime": "0111/101658", "correlationVector":"5ch7BxyZLRpummsgXB6e3H.1","action":"SyncServerConnectionManagerRequest", "result":"SYNC_SERVER_OK", "context":{"environment":"Prod_SoutheastAsia_000j", "migrationStage":"NotStarted", "server":"GENERAL03000001"}}
{"logTime": "0111/101658", "correlationVector":"5ch7BxyZLRpummsgXB6e3H.2","action":"Commit Response", "result":"SYNCER_OK", "context":Result: SYNCER_OK. cV=5ch7BxyZLRpummsgXB6e3H.0;server=GENERAL03000001;cloudType=Consumer;environment=Prod_SoutheastAsia_000j;migrationStage=NotStarted}
{"logTime": "0111/101817", "correlationVector":"h6Y88fU/o+XSYiMTJ7e0lt","action":"Commit Request", "result":"", "context":Item count: 1
Contributing types: Sessions}
{"logTime": "0111/101818", "correlationVector":"h6Y88fU/o+XSYiMTJ7e0lt.1","action":"SyncServerConnectionManagerRequest", "result":"SYNC_SERVER_OK", "context":{"environment":"Prod_SoutheastAsia_000j", "migrationStage":"NotStarted", "server":"GENERAL0100000L"}}
{"logTime": "0111/101818", "correlationVector":"h6Y88fU/o+XSYiMTJ7e0lt.2","action":"Commit Response", "result":"SYNCER_OK", "context":Result: SYNCER_OK. cV=h6Y88fU/o+XSYiMTJ7e0lt.0;server=GENERAL0100000L;cloudType=Consumer;environment=Prod_SoutheastAsia_000j;migrationStage=NotStarted}
{"logTime": "0111/101859", "correlationVector":"DANb5kN8tmoI9MQhLsHOV5","action":"Commit Request", "result":"", "context":Item count: 1
Contributing types: Sessions}
{"logTime": "0111/101900", "correlationVector":"DANb5kN8tmoI9MQhLsHOV5.1","action":"SyncServerConnectionManagerRequest", "result":"SYNC_SERVER_OK", "context":{"environment":"Prod_SoutheastAsia_000j", "migrationStage":"NotStarted", "server":"GENERAL0300000P"}}
{"logTime": "0111/101900", "correlationVector":"DANb5kN8tmoI9MQhLsHOV5.2","action":"Commit Response", "result":"SYNCER_OK", "context":Result: SYNCER_OK. cV=DANb5kN8tmoI9MQhLsHOV5.0;server=GENERAL0300000P;cloudType=Consumer;environment=Prod_SoutheastAsia_000j;migrationStage=NotStarted}
{"logTime": "0111/102343", "correlationVector":"R9PVSk9qdyJfhxhBs9XMeU","action":"Normal GetUpdate request", "result":"", "context":cV=R9PVSk9qdyJfhxhBs9XMeU
Nudged types: Sessions}
{"logTime": "0111/102343", "correlationVector":"R9PVSk9qdyJfhxhBs9XMeU.1","action":"SyncServerConnectionManagerRequest", "result":"SYNC_SERVER_OK", "context":{"environment":"Prod_SoutheastAsia_000j", "migrationStage":"NotStarted", "server":"GENERAL0100000J"}}
{"logTime": "0111/102343", "correlationVector":"R9PVSk9qdyJfhxhBs9XMeU.2","action":"GetUpdates Response", "result":"SYNCER_OK", "context":Received 1 update(s). cV=R9PVSk9qdyJfhxhBs9XMeU.0;server=GENERAL0100000J;cloudType=Consumer;environment=Prod_SoutheastAsia_000j;migrationStage=NotStarted}
{"logTime": "0111/102343", "correlationVector":"eRSUBmNUbQD7lMGHUoWLYk","action":"Commit Request", "result":"", "context":Item count: 1
Contributing types: Sessions}
{"logTime": "0111/102343", "correlationVector":"eRSUBmNUbQD7lMGHUoWLYk.1","action":"SyncServerConnectionManagerRequest", "result":"SYNC_SERVER_OK", "context":{"environment":"Prod_SoutheastAsia_000j", "migrationStage":"NotStarted", "server":"GENERAL03000028"}}
{"logTime": "0111/102343", "correlationVector":"eRSUBmNUbQD7lMGHUoWLYk.2","action":"Commit Response", "result":"SYNCER_OK", "context":Result: SYNCER_OK. cV=eRSUBmNUbQD7lMGHUoWLYk.0;server=GENERAL03000028;cloudType=Consumer;environment=Prod_SoutheastAsia_000j;migrationStage=NotStarted}
{"logTime": "0111/102344", "correlationVector":"nrdQj2BVBI12CYDlUmQhng","action":"Normal GetUpdate request", "result":"", "context":cV=nrdQj2BVBI12CYDlUmQhng
Nudged types: Sessions
Refresh requested types: Bookmarks, Preferences, Passwords, Autofill Profiles, Autofill, Autofill Custom Data, Typed URLs, Extensions, Sessions, Extension settings, History Delete Directives, Device Info, User Consents, Send Tab To Self, Web Apps, Collection, Edge E Drop, Edge Hub App Usage, Edge Wallet, Encryption Keys}
{"logTime": "0111/102344", "correlationVector":"nrdQj2BVBI12CYDlUmQhng.1","action":"SyncServerConnectionManagerRequest", "result":"SYNC_SERVER_OK", "context":{"environment":"Prod_SoutheastAsia_000j", "migrationStage":"NotStarted", "server":"GENERAL0300000P"}}
{"logTime": "0111/102344", "correlationVector":"nrdQj2BVBI12CYDlUmQhng.2","action":"GetUpdates Response", "result":"SYNCER_OK", "context":Received 1 update(s). cV=nrdQj2BVBI12CYDlUmQhng.0;server=GENERAL0300000P;cloudType=Consumer;environment=Prod_SoutheastAsia_000j;migrationStage=NotStarted}
{"logTime": "0111/102515", "correlationVector":"1FYd66lqPj9ZWFewJ65EIs","action":"Commit Request", "result":"", "context":Item count: 1
Contributing types: Sessions}
{"logTime": "0111/102515", "correlationVector":"1FYd66lqPj9ZWFewJ65EIs.1","action":"SyncServerConnectionManagerRequest", "result":"SYNC_SERVER_OK", "context":{"environment":"Prod_SoutheastAsia_000j", "migrationStage":"NotStarted", "server":"GENERAL0100000Y"}}
{"logTime": "0111/102515", "correlationVector":"1FYd66lqPj9ZWFewJ65EIs.2","action":"Commit Response", "result":"SYNCER_OK", "context":Result: SYNCER_OK. cV=1FYd66lqPj9ZWFewJ65EIs.0;server=GENERAL0100000Y;cloudType=Consumer;environment=Prod_SoutheastAsia_000j;migrationStage=NotStarted}
{"logTime": "0111/102637", "correlationVector":"9zJrodOtm7xH2ksaiCela2","action":"Commit Request", "result":"", "context":Item count: 1
Contributing types: Sessions}
{"logTime": "0111/102638", "correlationVector":"9zJrodOtm7xH2ksaiCela2.1","action":"SyncServerConnectionManagerRequest", "result":"SYNC_SERVER_OK", "context":{"environment":"Prod_SoutheastAsia_000j", "migrationStage":"NotStarted", "server":"GENERAL03000019"}}
{"logTime": "0111/102638", "correlationVector":"9zJrodOtm7xH2ksaiCela2.2","action":"Commit Response", "result":"SYNCER_OK", "context":Result: SYNCER_OK. cV=9zJrodOtm7xH2ksaiCela2.0;server=GENERAL03000019;cloudType=Consumer;environment=Prod_SoutheastAsia_000j;migrationStage=NotStarted}
{"logTime": "0111/102936", "correlationVector":"qG4x6sW5I0xKdvIXhdpQou","action":"Commit Request", "result":"", "context":Item count: 1
Contributing types: Sessions}
{"logTime": "0111/102936", "correlationVector":"qG4x6sW5I0xKdvIXhdpQou.1","action":"SyncServerConnectionManagerRequest", "result":"SYNC_SERVER_OK", "context":{"environment":"Prod_SoutheastAsia_000j", "migrationStage":"NotStarted", "server":"GENERAL0100000I"}}
{"logTime": "0111/102936", "correlationVector":"qG4x6sW5I0xKdvIXhdpQou.2","action":"Commit Response", "result":"SYNCER_OK", "context":Result: SYNCER_OK. cV=qG4x6sW5I0xKdvIXhdpQou.0;server=GENERAL0100000I;cloudType=Consumer;environment=Prod_SoutheastAsia_000j;migrationStage=NotStarted}
{"logTime": "0111/103307", "correlationVector":"IQreTsJ1Ez2kzAgehmDQS0","action":"Commit Request", "result":"", "context":Item count: 1
Contributing types: Sessions}
{"logTime": "0111/103307", "correlationVector":"IQreTsJ1Ez2kzAgehmDQS0.1","action":"SyncServerConnectionManagerRequest", "result":"SYNC_SERVER_OK", "context":{"environment":"Prod_SoutheastAsia_000j", "migrationStage":"NotStarted", "server":"GENERAL0300001I"}}
{"logTime": "0111/103308", "correlationVector":"IQreTsJ1Ez2kzAgehmDQS0.2","action":"Commit Response", "result":"SYNCER_OK", "context":Result: SYNCER_OK. cV=IQreTsJ1Ez2kzAgehmDQS0.0;server=GENERAL0300001I;cloudType=Consumer;environment=Prod_SoutheastAsia_000j;migrationStage=NotStarted}
{"logTime": "0111/103353", "correlationVector":"oEZMOu35/VYix3VzuYMIUV","action":"Commit Request", "result":"", "context":Item count: 1
Contributing types: Sessions}
{"logTime": "0111/103353", "correlationVector":"oEZMOu35/VYix3VzuYMIUV.1","action":"SyncServerConnectionManagerRequest", "result":"SYNC_SERVER_OK", "context":{"environment":"Prod_SoutheastAsia_000j", "migrationStage":"NotStarted", "server":"GENERAL03000028"}}
{"logTime": "0111/103353", "correlationVector":"oEZMOu35/VYix3VzuYMIUV.2","action":"Commit Response", "result":"SYNCER_OK", "context":Result: SYNCER_OK. cV=oEZMOu35/VYix3VzuYMIUV.0;server=GENERAL03000028;cloudType=Consumer;environment=Prod_SoutheastAsia_000j;migrationStage=NotStarted}
{"logTime": "0111/103649", "correlationVector":"ajepT+qCdTzP7UBZniEPkt","action":"Commit Request", "result":"", "context":Item count: 1
Contributing types: Sessions}
{"logTime": "0111/103649", "correlationVector":"ajepT+qCdTzP7UBZniEPkt.1","action":"SyncServerConnectionManagerRequest", "result":"SYNC_SERVER_OK", "context":{"environment":"Prod_SoutheastAsia_000j", "migrationStage":"NotStarted", "server":"GENERAL03000028"}}
{"logTime": "0111/103649", "correlationVector":"ajepT+qCdTzP7UBZniEPkt.2","action":"Commit Response", "result":"SYNCER_OK", "context":Result: SYNCER_OK. cV=ajepT+qCdTzP7UBZniEPkt.0;server=GENERAL03000028;cloudType=Consumer;environment=Prod_SoutheastAsia_000j;migrationStage=NotStarted}
{"logTime": "0111/110041", "correlationVector":"TwBw0fypec9UTmNPN2aboy.1","action":"SyncServerConnectionManagerRequest", "result":"SYNC_SERVER_OK", "context":{"environment":"Prod_SoutheastAsia_000j", "migrationStage":"NotStarted", "server":"GENERAL01000000"}}
{"logTime": "0111/110041", "correlationVector":"TwBw0fypec9UTmNPN2aboy","action":"Initial GetUpdates", "result":"", "context":Reason: NEW_CLIENT. cV=TwBw0fypec9UTmNPN2aboy}
{"logTime": "0111/110041", "correlationVector":"TwBw0fypec9UTmNPN2aboy.2","action":"GetUpdates Response", "result":"SYNCER_OK", "context":Received 1 update(s). cV=TwBw0fypec9UTmNPN2aboy.0;server=GENERAL01000000;cloudType=Consumer;environment=Prod_SoutheastAsia_000j;migrationStage=NotStarted}
{"logTime": "0111/110041", "correlationVector":"K9OYF4u7zvUBpbN+8QSq9X","action":"Initial GetUpdates", "result":"", "context":Reason: NEWLY_SUPPORTED_DATATYPE. cV=K9OYF4u7zvUBpbN+8QSq9X}
{"logTime": "0111/110041", "correlationVector":"K9OYF4u7zvUBpbN+8QSq9X.1","action":"SyncServerConnectionManagerRequest", "result":"SYNC_SERVER_OK", "context":{"environment":"Prod_SoutheastAsia_000j", "migrationStage":"NotStarted", "server":"GENERAL0100001C"}}
{"logTime": "0111/110041", "correlationVector":"K9OYF4u7zvUBpbN+8QSq9X.2","action":"GetUpdates Response", "result":"SYNCER_OK", "context":Received 2 update(s). cV=K9OYF4u7zvUBpbN+8QSq9X.0;server=GENERAL0100001C;cloudType=Consumer;environment=Prod_SoutheastAsia_000j;migrationStage=NotStarted}
{"logTime": "0111/110041", "correlationVector":"sg2P2c2u5WL/M8NJFc9MmJ","action":"Normal GetUpdate request", "result":"", "context":cV=sg2P2c2u5WL/M8NJFc9MmJ
Nudged types: Sessions
Refresh requested types: Bookmarks, Preferences, Passwords, Autofill Profiles, Autofill, Autofill Custom Data, Typed URLs, Extensions, Sessions, Extension settings, History Delete Directives, Device Info, User Consents, Send Tab To Self, Web Apps, Collection, Edge E Drop, Edge Hub App Usage, Edge Wallet, Encryption Keys}
{"logTime": "0111/110041", "correlationVector":"sg2P2c2u5WL/M8NJFc9MmJ.1","action":"SyncServerConnectionManagerRequest", "result":"SYNC_SERVER_OK", "context":{"environment":"Prod_SoutheastAsia_000j", "migrationStage":"NotStarted", "server":"GENERAL0100000M"}}
{"logTime": "0111/110041", "correlationVector":"sg2P2c2u5WL/M8NJFc9MmJ.2","action":"GetUpdates Response", "result":"SYNCER_OK", "context":Received 1 update(s). cV=sg2P2c2u5WL/M8NJFc9MmJ.0;server=GENERAL0100000M;cloudType=Consumer;environment=Prod_SoutheastAsia_000j;migrationStage=NotStarted}
{"logTime": "0111/110041", "correlationVector":"qQhbfBe5WnmzipW3NIPQH2","action":"Commit Request", "result":"", "context":Item count: 3
Contributing types: Sessions}
{"logTime": "0111/110041", "correlationVector":"qQhbfBe5WnmzipW3NIPQH2.1","action":"SyncServerConnectionManagerRequest", "result":"SYNC_SERVER_OK", "context":{"environment":"Prod_SoutheastAsia_000j", "migrationStage":"NotStarted", "server":"GENERAL01000006"}}
{"logTime": "0111/110041", "correlationVector":"qQhbfBe5WnmzipW3NIPQH2.2","action":"Commit Response", "result":"SYNCER_OK", "context":Result: SYNCER_OK. cV=qQhbfBe5WnmzipW3NIPQH2.0;server=GENERAL01000006;cloudType=Consumer;environment=Prod_SoutheastAsia_000j;migrationStage=NotStarted}
{"logTime": "0111/110041", "correlationVector":"qQhbfBe5WnmzipW3NIPQH2.3","action":"Commit.Sessions", "result":"Success", "context":{"id":"37844aee-9402-4945-9bff-ed0873349734", "isDeleted":"true", "size":"0", "version":"1704969412464"}}
{"logTime": "0111/110043", "correlationVector":"twvWcPWuHjEHgzBVk+4sTL","action":"SyncServerConnectionManagerRequest", "result":"SYNC_SERVER_OK", "context":{"environment":"", "migrationStage":"", "server":""}}
{"logTime": "0111/110043", "correlationVector":"CBwBCu/APabGnjg/Z5Y2H9","action":"Normal GetUpdate request", "result":"", "context":cV=CBwBCu/APabGnjg/Z5Y2H9
Nudged types: Preferences, Sessions}
{"logTime": "0111/110043", "correlationVector":"CBwBCu/APabGnjg/Z5Y2H9.1","action":"SyncServerConnectionManagerRequest", "result":"SYNC_SERVER_OK", "context":{"environment":"Prod_SoutheastAsia_000j", "migrationStage":"NotStarted", "server":"GENERAL01000007"}}
{"logTime": "0111/110043", "correlationVector":"CBwBCu/APabGnjg/Z5Y2H9.2","action":"GetUpdates", "result":"DeleteReceived", "context":{"id":"37844aee-9402-4945-9bff-ed0873349734", "isDeleted:":"true", "version":"1704970823921"}}
{"logTime": "0111/110043", "correlationVector":"CBwBCu/APabGnjg/Z5Y2H9.3","action":"GetUpdates Response", "result":"SYNCER_OK", "context":Received 3 update(s). cV=CBwBCu/APabGnjg/Z5Y2H9.0;server=GENERAL01000007;cloudType=Consumer;environment=Prod_SoutheastAsia_000j;migrationStage=NotStarted}
{"logTime": "0111/110043", "correlationVector":"lscQWsnsrSOTy2RklXhuQU","action":"Commit Request", "result":"", "context":Item count: 2
Contributing types: Preferences, Sessions}
{"logTime": "0111/110043", "correlationVector":"lscQWsnsrSOTy2RklXhuQU.1","action":"SyncServerConnectionManagerRequest", "result":"SYNC_SERVER_OK", "context":{"environment":"Prod_SoutheastAsia_000j", "migrationStage":"NotStarted", "server":"GENERAL0100000H"}}
{"logTime": "0111/110043", "correlationVector":"lscQWsnsrSOTy2RklXhuQU.2","action":"Commit Response", "result":"SYNCER_OK", "context":Result: SYNCER_OK. cV=lscQWsnsrSOTy2RklXhuQU.0;server=GENERAL0100000H;cloudType=Consumer;environment=Prod_SoutheastAsia_000j;migrationStage=NotStarted}
{"logTime": "0111/110043", "correlationVector":"Duz+wmK2Y1wWHBtM5a4E/q","action":"Normal GetUpdate request", "result":"", "context":cV=Duz+wmK2Y1wWHBtM5a4E/q
Nudged types: Preferences, Sessions
Refresh requested types: Bookmarks, Preferences, Passwords, Autofill Profiles, Autofill, Autofill Custom Data, Typed URLs, Extensions, Sessions, Extension settings, History Delete Directives, Device Info, User Consents, Send Tab To Self, Web Apps, Collection, Edge E Drop, Edge Hub App Usage, Edge Wallet, Encryption Keys}
{"logTime": "0111/110043", "correlationVector":"Duz+wmK2Y1wWHBtM5a4E/q.1","action":"SyncServerConnectionManagerRequest", "result":"SYNC_SERVER_OK", "context":{"environment":"Prod_SoutheastAsia_000j", "migrationStage":"NotStarted", "server":"GENERAL0300000T"}}
{"logTime": "0111/110043", "correlationVector":"Duz+wmK2Y1wWHBtM5a4E/q.2","action":"GetUpdates Response", "result":"SYNCER_OK", "context":Received 2 update(s). cV=Duz+wmK2Y1wWHBtM5a4E/q.0;server=GENERAL0300000T;cloudType=Consumer;environment=Prod_SoutheastAsia_000j;migrationStage=NotStarted}
{"logTime": "0111/110328", "correlationVector":"A9M4WHhhCnS/ACmHtn1yBR","action":"Commit Request", "result":"", "context":Item count: 1
Contributing types: Sessions}
{"logTime": "0111/110328", "correlationVector":"A9M4WHhhCnS/ACmHtn1yBR.1","action":"SyncServerConnectionManagerRequest", "result":"SYNC_SERVER_OK", "context":{"environment":"Prod_SoutheastAsia_000j", "migrationStage":"NotStarted", "server":"GENERAL0100000D"}}
{"logTime": "0111/110328", "correlationVector":"A9M4WHhhCnS/ACmHtn1yBR.2","action":"Commit Response", "result":"SYNCER_OK", "context":Result: SYNCER_OK. cV=A9M4WHhhCnS/ACmHtn1yBR.0;server=GENERAL0100000D;cloudType=Consumer;environment=Prod_SoutheastAsia_000j;migrationStage=NotStarted}
{"logTime": "0111/110407", "correlationVector":"Xz2tXw3T5Tq4LLcopZ8qd9","action":"Commit Request", "result":"", "context":Item count: 1
Contributing types: Sessions}
{"logTime": "0111/110407", "correlationVector":"Xz2tXw3T5Tq4LLcopZ8qd9.1","action":"SyncServerConnectionManagerRequest", "result":"SYNC_SERVER_OK", "context":{"environment":"Prod_SoutheastAsia_000j", "migrationStage":"NotStarted", "server":"GENERAL0300000I"}}
{"logTime": "0111/110407", "correlationVector":"Xz2tXw3T5Tq4LLcopZ8qd9.2","action":"Commit Response", "result":"SYNCER_OK", "context":Result: SYNCER_OK. cV=Xz2tXw3T5Tq4LLcopZ8qd9.0;server=GENERAL0300000I;cloudType=Consumer;environment=Prod_SoutheastAsia_000j;migrationStage=NotStarted}
{"logTime": "0111/110531", "correlationVector":"W6mSLFRyk9qXhBylC4Cwys","action":"Normal GetUpdate request", "result":"", "context":cV=W6mSLFRyk9qXhBylC4Cwys
Nudged types: Sessions
Refresh requested types: Bookmarks, Preferences, Passwords, Autofill Profiles, Autofill, Autofill Custom Data, Typed URLs, Extensions, Sessions, Extension settings, History Delete Directives, Device Info, User Consents, Send Tab To Self, Web Apps, Collection, Edge E Drop, Edge Hub App Usage, Edge Wallet, Encryption Keys}
{"logTime": "0111/110534", "correlationVector":"W6mSLFRyk9qXhBylC4Cwys.1","action":"SyncServerConnectionManagerRequest", "result":"SYNC_SERVER_OK", "context":{"environment":"Prod_SoutheastAsia_000j", "migrationStage":"NotStarted", "server":"GENERAL0300001B"}}
{"logTime": "0111/110534", "correlationVector":"W6mSLFRyk9qXhBylC4Cwys.2","action":"GetUpdates Response", "result":"SYNCER_OK", "context":Received 1 update(s). cV=W6mSLFRyk9qXhBylC4Cwys.0;server=GENERAL0300001B;cloudType=Consumer;environment=Prod_SoutheastAsia_000j;migrationStage=NotStarted}
{"logTime": "0111/110534", "correlationVector":"WMhp8eFv4sLJEaRNlcp9AI","action":"Commit Request", "result":"", "context":Item count: 1
Contributing types: Sessions}
{"logTime": "0111/110534", "correlationVector":"WMhp8eFv4sLJEaRNlcp9AI.1","action":"SyncServerConnectionManagerRequest", "result":"SYNC_SERVER_OK", "context":{"environment":"Prod_SoutheastAsia_000j", "migrationStage":"NotStarted", "server":"GENERAL03000015"}}
{"logTime": "0111/110534", "correlationVector":"WMhp8eFv4sLJEaRNlcp9AI.2","action":"Commit Response", "result":"SYNCER_OK", "context":Result: SYNCER_OK. cV=WMhp8eFv4sLJEaRNlcp9AI.0;server=GENERAL03000015;cloudType=Consumer;environment=Prod_SoutheastAsia_000j;migrationStage=NotStarted}
{"logTime": "0111/110802", "correlationVector":"XzTLHoXuDfFOkd+CuDVUaD","action":"Commit Request", "result":"", "context":Item count: 1
Contributing types: Sessions}
{"logTime": "0111/110802", "correlationVector":"XzTLHoXuDfFOkd+CuDVUaD.1","action":"SyncServerConnectionManagerRequest", "result":"SYNC_SERVER_OK", "context":{"environment":"Prod_SoutheastAsia_000j", "migrationStage":"NotStarted", "server":"GENERAL0300000P"}}
{"logTime": "0111/110802", "correlationVector":"XzTLHoXuDfFOkd+CuDVUaD.2","action":"Commit Response", "result":"SYNCER_OK", "context":Result: SYNCER_OK. cV=XzTLHoXuDfFOkd+CuDVUaD.0;server=GENERAL0300000P;cloudType=Consumer;environment=Prod_SoutheastAsia_000j;migrationStage=NotStarted}
{"logTime": "0111/111200", "correlationVector":"wS2zdbVyyhmwoqWJGTatGq","action":"Commit Request", "result":"", "context":Item count: 1
Contributing types: Sessions}
{"logTime": "0111/111201", "correlationVector":"wS2zdbVyyhmwoqWJGTatGq.1","action":"SyncServerConnectionManagerRequest", "result":"SYNC_SERVER_OK", "context":{"environment":"Prod_SoutheastAsia_000j", "migrationStage":"NotStarted", "server":"GENERAL0300001I"}}
{"logTime": "0111/111201", "correlationVector":"wS2zdbVyyhmwoqWJGTatGq.2","action":"Commit Response", "result":"SYNCER_OK", "context":Result: SYNCER_OK. cV=wS2zdbVyyhmwoqWJGTatGq.0;server=GENERAL0300001I;cloudType=Consumer;environment=Prod_SoutheastAsia_000j;migrationStage=NotStarted}
{"logTime": "0111/111314", "correlationVector":"4CA0LgFWDr0T7zNU3vuC6r","action":"Commit Request", "result":"", "context":Item count: 1
Contributing types: Sessions}
{"logTime": "0111/111315", "correlationVector":"4CA0LgFWDr0T7zNU3vuC6r.1","action":"SyncServerConnectionManagerRequest", "result":"SYNC_SERVER_OK", "context":{"environment":"Prod_SoutheastAsia_000j", "migrationStage":"NotStarted", "server":"GENERAL01000011"}}
{"logTime": "0111/111316", "correlationVector":"4CA0LgFWDr0T7zNU3vuC6r.2","action":"Commit Response", "result":"SYNCER_OK", "context":Result: SYNCER_OK. cV=4CA0LgFWDr0T7zNU3vuC6r.0;server=GENERAL01000011;cloudType=Consumer;environment=Prod_SoutheastAsia_000j;migrationStage=NotStarted}
{"logTime": "0111/111520", "correlationVector":"HTVccoCRpX0pTr5QxbIvFw","action":"Commit Request", "result":"", "context":Item count: 1
Contributing types: Sessions}
{"logTime": "0111/111521", "correlationVector":"HTVccoCRpX0pTr5QxbIvFw.1","action":"SyncServerConnectionManagerRequest", "result":"SYNC_SERVER_OK", "context":{"environment":"Prod_SoutheastAsia_000j", "migrationStage":"NotStarted", "server":"GENERAL0100000W"}}
{"logTime": "0111/111521", "correlationVector":"HTVccoCRpX0pTr5QxbIvFw.2","action":"Commit Response", "result":"SYNCER_OK", "context":Result: SYNCER_OK. cV=HTVccoCRpX0pTr5QxbIvFw.0;server=GENERAL0100000W;cloudType=Consumer;environment=Prod_SoutheastAsia_000j;migrationStage=NotStarted}
{"logTime": "0111/111930", "correlationVector":"8geZu2RRUjv3SZlOGTEX2m","action":"Commit Request", "result":"", "context":Item count: 1
Contributing types: Sessions}
{"logTime": "0111/111930", "correlationVector":"8geZu2RRUjv3SZlOGTEX2m.1","action":"SyncServerConnectionManagerRequest", "result":"SYNC_SERVER_OK", "context":{"environment":"Prod_SoutheastAsia_000j", "migrationStage":"NotStarted", "server":"GENERAL03000003"}}
{"logTime": "0111/111930", "correlationVector":"8geZu2RRUjv3SZlOGTEX2m.2","action":"Commit Response", "result":"SYNCER_OK", "context":Result: SYNCER_OK. cV=8geZu2RRUjv3SZlOGTEX2m.0;server=GENERAL03000003;cloudType=Consumer;environment=Prod_SoutheastAsia_000j;migrationStage=NotStarted}
{"logTime": "0111/112041", "correlationVector":"lsSusxrJVaGht+1MtVPOhT","action":"Commit Request", "result":"", "context":Item count: 1
Contributing types: Sessions}
{"logTime": "0111/112041", "correlationVector":"lsSusxrJVaGht+1MtVPOhT.1","action":"SyncServerConnectionManagerRequest", "result":"SYNC_SERVER_OK", "context":{"environment":"Prod_SoutheastAsia_000j", "migrationStage":"NotStarted", "server":"GENERAL0100000R"}}
{"logTime": "0111/112041", "correlationVector":"lsSusxrJVaGht+1MtVPOhT.2","action":"Commit Response", "result":"SYNCER_OK", "context":Result: SYNCER_OK. cV=lsSusxrJVaGht+1MtVPOhT.0;server=GENERAL0100000R;cloudType=Consumer;environment=Prod_SoutheastAsia_000j;migrationStage=NotStarted}
{"logTime": "0111/112307", "correlationVector":"6vcuZ68/Rtu4T2PA9+IR5F","action":"Commit Request", "result":"", "context":Item count: 1
Contributing types: Sessions}
{"logTime": "0111/112307", "correlationVector":"6vcuZ68/Rtu4T2PA9+IR5F.1","action":"SyncServerConnectionManagerRequest", "result":"SYNC_SERVER_OK", "context":{"environment":"Prod_SoutheastAsia_000j", "migrationStage":"NotStarted", "server":"GENERAL0300002D"}}
{"logTime": "0111/112307", "correlationVector":"6vcuZ68/Rtu4T2PA9+IR5F.2","action":"Commit Response", "result":"SYNCER_OK", "context":Result: SYNCER_OK. cV=6vcuZ68/Rtu4T2PA9+IR5F.0;server=GENERAL0300002D;cloudType=Consumer;environment=Prod_SoutheastAsia_000j;migrationStage=NotStarted}
{"logTime": "0111/112806", "correlationVector":"lStIpYx3ZDQzhyfHshSdAt","action":"Commit Request", "result":"", "context":Item count: 1
Contributing types: Sessions}
{"logTime": "0111/112806", "correlationVector":"lStIpYx3ZDQzhyfHshSdAt.1","action":"SyncServerConnectionManagerRequest", "result":"SYNC_SERVER_OK", "context":{"environment":"Prod_SoutheastAsia_000j", "migrationStage":"NotStarted", "server":"GENERAL0300002D"}}
{"logTime": "0111/112806", "correlationVector":"lStIpYx3ZDQzhyfHshSdAt.2","action":"Commit Response", "result":"SYNCER_OK", "context":Result: SYNCER_OK. cV=lStIpYx3ZDQzhyfHshSdAt.0;server=GENERAL0300002D;cloudType=Consumer;environment=Prod_SoutheastAsia_000j;migrationStage=NotStarted}
{"logTime": "0111/112910", "correlationVector":"9JrTTdD1zUoz2oLUk00VwJ","action":"Commit Request", "result":"", "context":Item count: 1
Contributing types: Sessions}
{"logTime": "0111/112910", "correlationVector":"9JrTTdD1zUoz2oLUk00VwJ.1","action":"SyncServerConnectionManagerRequest", "result":"SYNC_SERVER_OK", "context":{"environment":"Prod_SoutheastAsia_000j", "migrationStage":"NotStarted", "server":"GENERAL0100000L"}}
{"logTime": "0111/112911", "correlationVector":"9JrTTdD1zUoz2oLUk00VwJ.2","action":"Commit Response", "result":"SYNCER_OK", "context":Result: SYNCER_OK. cV=9JrTTdD1zUoz2oLUk00VwJ.0;server=GENERAL0100000L;cloudType=Consumer;environment=Prod_SoutheastAsia_000j;migrationStage=NotStarted}
{"logTime": "0111/112959", "correlationVector":"biwhhYgRB0z30w/JIoUhhl","action":"Commit Request", "result":"", "context":Item count: 1
Contributing types: Sessions}
{"logTime": "0111/112959", "correlationVector":"biwhhYgRB0z30w/JIoUhhl.1","action":"SyncServerConnectionManagerRequest", "result":"SYNC_SERVER_OK", "context":{"environment":"Prod_SoutheastAsia_000j", "migrationStage":"NotStarted", "server":"GENERAL0100000X"}}
{"logTime": "0111/112959", "correlationVector":"biwhhYgRB0z30w/JIoUhhl.2","action":"Commit Response", "result":"SYNCER_OK", "context":Result: SYNCER_OK. cV=biwhhYgRB0z30w/JIoUhhl.0;server=GENERAL0100000X;cloudType=Consumer;environment=Prod_SoutheastAsia_000j;migrationStage=NotStarted}
{"logTime": "0111/113123", "correlationVector":"rDq5//Z64ikr8/9VTOhIgK","action":"Commit Request", "result":"", "context":Item count: 1
Contributing types: Sessions}
{"logTime": "0111/113123", "correlationVector":"rDq5//Z64ikr8/9VTOhIgK.1","action":"SyncServerConnectionManagerRequest", "result":"SYNC_SERVER_OK", "context":{"environment":"Prod_SoutheastAsia_000j", "migrationStage":"NotStarted", "server":"GENERAL01000014"}}
{"logTime": "0111/113123", "correlationVector":"rDq5//Z64ikr8/9VTOhIgK.2","action":"Commit Response", "result":"SYNCER_OK", "context":Result: SYNCER_OK. cV=rDq5//Z64ikr8/9VTOhIgK.0;server=GENERAL01000014;cloudType=Consumer;environment=Prod_SoutheastAsia_000j;migrationStage=NotStarted}
{"logTime": "0111/113253", "correlationVector":"/p77ZgZ3uzBR3B1tyfuqyS","action":"Commit Request", "result":"", "context":Item count: 1
Contributing types: Sessions}
{"logTime": "0111/113253", "correlationVector":"/p77ZgZ3uzBR3B1tyfuqyS.1","action":"SyncServerConnectionManagerRequest", "result":"SYNC_SERVER_OK", "context":{"environment":"Prod_SoutheastAsia_000j", "migrationStage":"NotStarted", "server":"GENERAL0300001N"}}
{"logTime": "0111/113253", "correlationVector":"/p77ZgZ3uzBR3B1tyfuqyS.2","action":"Commit Response", "result":"SYNCER_OK", "context":Result: SYNCER_OK. cV=/p77ZgZ3uzBR3B1tyfuqyS.0;server=GENERAL0300001N;cloudType=Consumer;environment=Prod_SoutheastAsia_000j;migrationStage=NotStarted}
{"logTime": "0111/113351", "correlationVector":"SjIcPGjWSG7z62WWmjrgbE","action":"Commit Request", "result":"", "context":Item count: 1
Contributing types: Sessions}
{"logTime": "0111/113351", "correlationVector":"SjIcPGjWSG7z62WWmjrgbE.1","action":"SyncServerConnectionManagerRequest", "result":"SYNC_SERVER_OK", "context":{"environment":"Prod_SoutheastAsia_000j", "migrationStage":"NotStarted", "server":"GENERAL0300000T"}}
{"logTime": "0111/113351", "correlationVector":"SjIcPGjWSG7z62WWmjrgbE.2","action":"Commit Response", "result":"SYNCER_OK", "context":Result: SYNCER_OK. cV=SjIcPGjWSG7z62WWmjrgbE.0;server=GENERAL0300000T;cloudType=Consumer;environment=Prod_SoutheastAsia_000j;migrationStage=NotStarted}
{"logTime": "0111/113638", "correlationVector":"v2lLaXn4xWQzP2wyJI06Ky","action":"Commit Request", "result":"", "context":Item count: 1
Contributing types: Sessions}
{"logTime": "0111/113638", "correlationVector":"v2lLaXn4xWQzP2wyJI06Ky.1","action":"SyncServerConnectionManagerRequest", "result":"SYNC_SERVER_OK", "context":{"environment":"Prod_SoutheastAsia_000j", "migrationStage":"NotStarted", "server":"GENERAL0100000H"}}
{"logTime": "0111/113638", "correlationVector":"v2lLaXn4xWQzP2wyJI06Ky.2","action":"Commit Response", "result":"SYNCER_OK", "context":Result: SYNCER_OK. cV=v2lLaXn4xWQzP2wyJI06Ky.0;server=GENERAL0100000H;cloudType=Consumer;environment=Prod_SoutheastAsia_000j;migrationStage=NotStarted}
{"logTime": "0111/120509", "correlationVector":"sVHH1ojmof6tfGy6e1FUZJ.1","action":"SyncServerConnectionManagerRequest", "result":"SYNC_SERVER_OK", "context":{"environment":"Prod_SoutheastAsia_000j", "migrationStage":"NotStarted", "server":"GENERAL03000028"}}
{"logTime": "0111/120509", "correlationVector":"sVHH1ojmof6tfGy6e1FUZJ","action":"Initial GetUpdates", "result":"", "context":Reason: NEW_CLIENT. cV=sVHH1ojmof6tfGy6e1FUZJ}
{"logTime": "0111/120509", "correlationVector":"sVHH1ojmof6tfGy6e1FUZJ.2","action":"GetUpdates Response", "result":"SYNCER_OK", "context":Received 1 update(s). cV=sVHH1ojmof6tfGy6e1FUZJ.0;server=GENERAL03000028;cloudType=Consumer;environment=Prod_SoutheastAsia_000j;migrationStage=NotStarted}
{"logTime": "0111/120509", "correlationVector":"2qHKbH5T+om8LzjGg7vQIc","action":"Initial GetUpdates", "result":"", "context":Reason: NEWLY_SUPPORTED_DATATYPE. cV=2qHKbH5T+om8LzjGg7vQIc}
{"logTime": "0111/120509", "correlationVector":"2qHKbH5T+om8LzjGg7vQIc.1","action":"SyncServerConnectionManagerRequest", "result":"SYNC_SERVER_OK", "context":{"environment":"Prod_SoutheastAsia_000j", "migrationStage":"NotStarted", "server":"GENERAL0300000D"}}
{"logTime": "0111/120509", "correlationVector":"2qHKbH5T+om8LzjGg7vQIc.2","action":"GetUpdates Response", "result":"SYNCER_OK", "context":Received 2 update(s). cV=2qHKbH5T+om8LzjGg7vQIc.0;server=GENERAL0300000D;cloudType=Consumer;environment=Prod_SoutheastAsia_000j;migrationStage=NotStarted}
{"logTime": "0111/120509", "correlationVector":"nA2pWUFjXs1oQaGNdHK7ne","action":"Normal GetUpdate request", "result":"", "context":cV=nA2pWUFjXs1oQaGNdHK7ne
Nudged types: Sessions
Refresh requested types: Bookmarks, Preferences, Passwords, Autofill Profiles, Autofill, Autofill Custom Data, Typed URLs, Extensions, Sessions, Extension settings, History Delete Directives, Device Info, User Consents, Send Tab To Self, Web Apps, Collection, Edge E Drop, Edge Hub App Usage, Edge Wallet, Encryption Keys}
{"logTime": "0111/120509", "correlationVector":"nA2pWUFjXs1oQaGNdHK7ne.1","action":"SyncServerConnectionManagerRequest", "result":"SYNC_SERVER_OK", "context":{"environment":"Prod_SoutheastAsia_000j", "migrationStage":"NotStarted", "server":"GENERAL03000007"}}
{"logTime": "0111/120509", "correlationVector":"nA2pWUFjXs1oQaGNdHK7ne.2","action":"GetUpdates Response", "result":"SYNCER_OK", "context":Received 1 update(s). cV=nA2pWUFjXs1oQaGNdHK7ne.0;server=GENERAL03000007;cloudType=Consumer;environment=Prod_SoutheastAsia_000j;migrationStage=NotStarted}
{"logTime": "0111/120509", "correlationVector":"haZnQpUa364b1QQU+J+Xfk","action":"Commit Request", "result":"", "context":Item count: 3
Contributing types: Sessions}
{"logTime": "0111/120509", "correlationVector":"haZnQpUa364b1QQU+J+Xfk.1","action":"SyncServerConnectionManagerRequest", "result":"SYNC_SERVER_OK", "context":{"environment":"Prod_SoutheastAsia_000j", "migrationStage":"NotStarted", "server":"GENERAL0300000V"}}
{"logTime": "0111/120509", "correlationVector":"haZnQpUa364b1QQU+J+Xfk.2","action":"Commit Response", "result":"SYNCER_OK", "context":Result: SYNCER_OK. cV=haZnQpUa364b1QQU+J+Xfk.0;server=GENERAL0300000V;cloudType=Consumer;environment=Prod_SoutheastAsia_000j;migrationStage=NotStarted}
{"logTime": "0111/120509", "correlationVector":"haZnQpUa364b1QQU+J+Xfk.3","action":"Commit.Sessions", "result":"Success", "context":{"id":"e78316d0-d8c1-4bcc-aa9d-a0f88e3c2faa", "isDeleted":"true", "size":"0", "version":"1704973002178"}}
{"logTime": "0111/120513", "correlationVector":"bSOBsY7fqR6+M8YPGEz0kY","action":"SyncServerConnectionManagerRequest", "result":"SYNC_SERVER_OK", "context":{"environment":"", "migrationStage":"", "server":""}}
{"logTime": "0111/120513", "correlationVector":"vqG08bRo/p1zjAg/DzU+HF","action":"Normal GetUpdate request", "result":"", "context":cV=vqG08bRo/p1zjAg/DzU+HF
Nudged types: Preferences, Sessions}
{"logTime": "0111/120513", "correlationVector":"vqG08bRo/p1zjAg/DzU+HF.1","action":"SyncServerConnectionManagerRequest", "result":"SYNC_SERVER_OK", "context":{"environment":"Prod_SoutheastAsia_000j", "migrationStage":"NotStarted", "server":"GENERAL0100001G"}}
{"logTime": "0111/120513", "correlationVector":"vqG08bRo/p1zjAg/DzU+HF.2","action":"GetUpdates", "result":"DeleteReceived", "context":{"id":"e78316d0-d8c1-4bcc-aa9d-a0f88e3c2faa", "isDeleted:":"true", "version":"1704974708115"}}
{"logTime": "0111/120513", "correlationVector":"vqG08bRo/p1zjAg/DzU+HF.3","action":"GetUpdates Response", "result":"SYNCER_OK", "context":Received 3 update(s). cV=vqG08bRo/p1zjAg/DzU+HF.0;server=GENERAL0100001G;cloudType=Consumer;environment=Prod_SoutheastAsia_000j;migrationStage=NotStarted}
{"logTime": "0111/120513", "correlationVector":"LbZQyzY0muDQ3OfqddzFxq","action":"Commit Request", "result":"", "context":Item count: 2
Contributing types: Preferences, Sessions}
{"logTime": "0111/120514", "correlationVector":"LbZQyzY0muDQ3OfqddzFxq.1","action":"SyncServerConnectionManagerRequest", "result":"SYNC_SERVER_OK", "context":{"environment":"Prod_SoutheastAsia_000j", "migrationStage":"NotStarted", "server":"GENERAL0300000T"}}
{"logTime": "0111/120514", "correlationVector":"LbZQyzY0muDQ3OfqddzFxq.2","action":"Commit Response", "result":"SYNCER_OK", "context":Result: SYNCER_OK. cV=LbZQyzY0muDQ3OfqddzFxq.0;server=GENERAL0300000T;cloudType=Consumer;environment=Prod_SoutheastAsia_000j;migrationStage=NotStarted}
{"logTime": "0111/120515", "correlationVector":"S82ckjv9Szwvy8dXi8Glam","action":"Normal GetUpdate request", "result":"", "context":cV=S82ckjv9Szwvy8dXi8Glam
Nudged types: Preferences, Sessions
Refresh requested types: Bookmarks, Preferences, Passwords, Autofill Profiles, Autofill, Autofill Custom Data, Typed URLs, Extensions, Sessions, Extension settings, History Delete Directives, Device Info, User Consents, Send Tab To Self, Web Apps, Collection, Edge E Drop, Edge Hub App Usage, Edge Wallet, Encryption Keys}
{"logTime": "0111/120516", "correlationVector":"S82ckjv9Szwvy8dXi8Glam.1","action":"SyncServerConnectionManagerRequest", "result":"SYNC_SERVER_OK", "context":{"environment":"Prod_SoutheastAsia_000j", "migrationStage":"NotStarted", "server":"GENERAL0100000D"}}
{"logTime": "0111/120516", "correlationVector":"S82ckjv9Szwvy8dXi8Glam.2","action":"GetUpdates Response", "result":"SYNCER_OK", "context":Received 2 update(s). cV=S82ckjv9Szwvy8dXi8Glam.0;server=GENERAL0100000D;cloudType=Consumer;environment=Prod_SoutheastAsia_000j;migrationStage=NotStarted}
{"logTime": "0111/120949", "correlationVector":"hiOVIb9xdAKDVLdfn6Zsv/","action":"Commit Request", "result":"", "context":Item count: 1
Contributing types: Sessions}
{"logTime": "0111/120950", "correlationVector":"hiOVIb9xdAKDVLdfn6Zsv/.1","action":"SyncServerConnectionManagerRequest", "result":"SYNC_SERVER_OK", "context":{"environment":"Prod_SoutheastAsia_000j", "migrationStage":"NotStarted", "server":"GENERAL0300002D"}}
{"logTime": "0111/120950", "correlationVector":"hiOVIb9xdAKDVLdfn6Zsv/.2","action":"Commit Response", "result":"SYNCER_OK", "context":Result: SYNCER_OK. cV=hiOVIb9xdAKDVLdfn6Zsv/.0;server=GENERAL0300002D;cloudType=Consumer;environment=Prod_SoutheastAsia_000j;migrationStage=NotStarted}
{"logTime": "0111/121003", "correlationVector":"fV9nKie5gewPH5IoGbgQv5","action":"Normal GetUpdate request", "result":"", "context":cV=fV9nKie5gewPH5IoGbgQv5
Nudged types: Sessions
Refresh requested types: Bookmarks, Preferences, Passwords, Autofill Profiles, Autofill, Autofill Custom Data, Typed URLs, Extensions, Sessions, Extension settings, History Delete Directives, Device Info, User Consents, Send Tab To Self, Web Apps, Collection, Edge E Drop, Edge Hub App Usage, Edge Wallet, Encryption Keys}
{"logTime": "0111/121003", "correlationVector":"fV9nKie5gewPH5IoGbgQv5.1","action":"SyncServerConnectionManagerRequest", "result":"SYNC_SERVER_OK", "context":{"environment":"Prod_SoutheastAsia_000j", "migrationStage":"NotStarted", "server":"GENERAL0100000V"}}
{"logTime": "0111/121003", "correlationVector":"fV9nKie5gewPH5IoGbgQv5.2","action":"GetUpdates Response", "result":"SYNCER_OK", "context":Received 1 update(s). cV=fV9nKie5gewPH5IoGbgQv5.0;server=GENERAL0100000V;cloudType=Consumer;environment=Prod_SoutheastAsia_000j;migrationStage=NotStarted}
{"logTime": "0111/121003", "correlationVector":"gACKPms67Vob58OaHgmdEg","action":"Commit Request", "result":"", "context":Item count: 1
Contributing types: Sessions}
{"logTime": "0111/121003", "correlationVector":"gACKPms67Vob58OaHgmdEg.1","action":"SyncServerConnectionManagerRequest", "result":"SYNC_SERVER_OK", "context":{"environment":"Prod_SoutheastAsia_000j", "migrationStage":"NotStarted", "server":"GENERAL0100001F"}}
{"logTime": "0111/121003", "correlationVector":"gACKPms67Vob58OaHgmdEg.2","action":"Commit Response", "result":"SYNCER_OK", "context":Result: SYNCER_OK. cV=gACKPms67Vob58OaHgmdEg.0;server=GENERAL0100001F;cloudType=Consumer;environment=Prod_SoutheastAsia_000j;migrationStage=NotStarted}
{"logTime": "0111/121944", "correlationVector":"p/MEFmz/V7EVELu4ZM5n+W","action":"Commit Request", "result":"", "context":Item count: 1
Contributing types: Sessions}
{"logTime": "0111/121945", "correlationVector":"p/MEFmz/V7EVELu4ZM5n+W.1","action":"SyncServerConnectionManagerRequest", "result":"SYNC_SERVER_OK", "context":{"environment":"Prod_SoutheastAsia_000j", "migrationStage":"NotStarted", "server":"GENERAL0100001C"}}
{"logTime": "0111/121945", "correlationVector":"p/MEFmz/V7EVELu4ZM5n+W.2","action":"Commit Response", "result":"SYNCER_OK", "context":Result: SYNCER_OK. cV=p/MEFmz/V7EVELu4ZM5n+W.0;server=GENERAL0100001C;cloudType=Consumer;environment=Prod_SoutheastAsia_000j;migrationStage=NotStarted}
{"logTime": "0111/122414", "correlationVector":"CwhgTUYPMsoUXZOGUNhCLg","action":"Commit Request", "result":"", "context":Item count: 1
Contributing types: Sessions}
{"logTime": "0111/122414", "correlationVector":"CwhgTUYPMsoUXZOGUNhCLg.1","action":"SyncServerConnectionManagerRequest", "result":"SYNC_SERVER_OK", "context":{"environment":"Prod_SoutheastAsia_000j", "migrationStage":"NotStarted", "server":"GENERAL0100000L"}}
{"logTime": "0111/122415", "correlationVector":"CwhgTUYPMsoUXZOGUNhCLg.2","action":"Commit Response", "result":"SYNCER_OK", "context":Result: SYNCER_OK. cV=CwhgTUYPMsoUXZOGUNhCLg.0;server=GENERAL0100000L;cloudType=Consumer;environment=Prod_SoutheastAsia_000j;migrationStage=NotStarted}
